# JRE version: OpenJDK Runtime Environment Temurin-17.0.10+7 (17.0.10+7) (build 17.0.10+7)
# Java VM: OpenJDK 64-Bit Server VM Temurin-17.0.10+7 (17.0.10+7, mixed mode, tiered, compressed oops, compressed class ptrs, parallel gc, linux-amd64)
GC Precious Log:
 CPUs: 12 total, 12 available
 Memory: 7815M
 Large Page Support: Disabled
 NUMA Support: Disabled
 Compressed Oops: Enabled (32-bit)
 Alignments: Space 512K, Generation 512K, Heap 2M
 Heap Min Capacity: 100M
 Heap Initial Capacity: 100M
 Heap Max Capacity: 1G
 Pre-touch: Disabled
 Parallel Workers: 10
Heap:
 PSYoungGen      total 16896K, used 16894K [0x00000000eab00000, 0x00000000ebe80000, 0x0000000100000000)
  eden space 15872K, 99% used [0x00000000eab00000,0x00000000eba7ffe8,0x00000000eba80000)
  from space 1024K, 99% used [0x00000000ebd80000,0x00000000ebe7fb10,0x00000000ebe80000)
  to   space 2048K, 29% used [0x00000000eba80000,0x00000000ebb18000,0x00000000ebc80000)
 ParOldGen       total 160256K, used 117019K [0x00000000c0000000, 0x00000000c9c80000, 0x00000000eab00000)
  object space 160256K, 73% used [0x00000000c0000000,0x00000000c7246cf8,0x00000000c9c80000)
 Metaspace       used 79041K, committed 80448K, reserved 1179648K
  class space    used 8475K, committed 9088K, reserved 1048576K
GC Heap History (20 events):
Event: 8.203 GC heap after
{Heap after GC invocations=116 (full 6):
 PSYoungGen      total 10752K, used 908K [0x00000000eab00000, 0x00000000eb800000, 0x0000000100000000)
  eden space 9728K, 0% used [0x00000000eab00000,0x00000000eab00000,0x00000000eb480000)
  from space 1024K, 88% used [0x00000000eb680000,0x00000000eb7632b0,0x00000000eb780000)
  to   space 512K, 0% used [0x00000000eb780000,0x00000000eb780000,0x00000000eb800000)
 ParOldGen       total 133120K, used 125708K [0x00000000c0000000, 0x00000000c8200000, 0x00000000eab00000)
  object space 133120K, 94% used [0x00000000c0000000,0x00000000c7ac3398,0x00000000c8200000)
 Metaspace       used 76523K, committed 77760K, reserved 1179648K
  class space    used 8176K, committed 8704K, reserved 1048576K
}
Event: 8.212 GC heap before
{Heap before GC invocations=117 (full 6):
 PSYoungGen      total 10752K, used 10636K [0x00000000eab00000, 0x00000000eb800000, 0x0000000100000000)
  eden space 9728K, 100% used [0x00000000eab00000,0x00000000eb480000,0x00000000eb480000)
  from space 1024K, 88% used [0x00000000eb680000,0x00000000eb7632b0,0x00000000eb780000)
  to   space 512K, 0% used [0x00000000eb780000,0x00000000eb780000,0x00000000eb800000)
 ParOldGen       total 133120K, used 126853K [0x00000000c0000000, 0x00000000c8200000, 0x00000000eab00000)
  object space 133120K, 95% used [0x00000000c0000000,0x00000000c7be16b0,0x00000000c8200000)
 Metaspace       used 76616K, committed 77952K, reserved 1179648K
  class space    used 8186K, committed 8768K, reserved 1048576K
}
Event: 8.215 GC heap after
{Heap after GC invocations=117 (full 6):
 PSYoungGen      total 11776K, used 468K [0x00000000eab00000, 0x00000000eb800000, 0x0000000100000000)
  eden space 11264K, 0% used [0x00000000eab00000,0x00000000eab00000,0x00000000eb600000)
  from space 512K, 91% used [0x00000000eb780000,0x00000000eb7f5060,0x00000000eb800000)
  to   space 1024K, 0% used [0x00000000eb600000,0x00000000eb600000,0x00000000eb700000)
 ParOldGen       total 133120K, used 127605K [0x00000000c0000000, 0x00000000c8200000, 0x00000000eab00000)
  object space 133120K, 95% used [0x00000000c0000000,0x00000000c7c9d6b0,0x00000000c8200000)
 Metaspace       used 76616K, committed 77952K, reserved 1179648K
  class space    used 8186K, committed 8768K, reserved 1048576K
}
Event: 8.241 GC heap before
{Heap before GC invocations=118 (full 6):
 PSYoungGen      total 11776K, used 11732K [0x00000000eab00000, 0x00000000eb800000, 0x0000000100000000)
  eden space 11264K, 100% used [0x00000000eab00000,0x00000000eb600000,0x00000000eb600000)
  from space 512K, 91% used [0x00000000eb780000,0x00000000eb7f5060,0x00000000eb800000)
  to   space 1024K, 0% used [0x00000000eb600000,0x00000000eb600000,0x00000000eb700000)
 ParOldGen       total 133120K, used 127605K [0x00000000c0000000, 0x00000000c8200000, 0x00000000eab00000)
  object space 133120K, 95% used [0x00000000c0000000,0x00000000c7c9d6b0,0x00000000c8200000)
 Metaspace       used 76868K, committed 78144K, reserved 1179648K
  class space    used 8203K, committed 8768K, reserved 1048576K
}
Event: 8.242 GC heap after
{Heap after GC invocations=118 (full 6):
 PSYoungGen      total 12288K, used 320K [0x00000000eab00000, 0x00000000eb880000, 0x0000000100000000)
  eden space 11264K, 0% used [0x00000000eab00000,0x00000000eab00000,0x00000000eb600000)
  from space 1024K, 31% used [0x00000000eb600000,0x00000000eb650000,0x00000000eb700000)
  to   space 512K, 0% used [0x00000000eb800000,0x00000000eb800000,0x00000000eb880000)
 ParOldGen       total 133120K, used 127765K [0x00000000c0000000, 0x00000000c8200000, 0x00000000eab00000)
  object space 133120K, 95% used [0x00000000c0000000,0x00000000c7cc56d0,0x00000000c8200000)
 Metaspace       used 76868K, committed 78144K, reserved 1179648K
  class space    used 8203K, committed 8768K, reserved 1048576K
}
Event: 8.269 GC heap before
{Heap before GC invocations=119 (full 6):
 PSYoungGen      total 12288K, used 11584K [0x00000000eab00000, 0x00000000eb880000, 0x0000000100000000)
  eden space 11264K, 100% used [0x00000000eab00000,0x00000000eb600000,0x00000000eb600000)
  from space 1024K, 31% used [0x00000000eb600000,0x00000000eb650000,0x00000000eb700000)
  to   space 512K, 0% used [0x00000000eb800000,0x00000000eb800000,0x00000000eb880000)
 ParOldGen       total 133120K, used 127765K [0x00000000c0000000, 0x00000000c8200000, 0x00000000eab00000)
  object space 133120K, 95% used [0x00000000c0000000,0x00000000c7cc56d0,0x00000000c8200000)
 Metaspace       used 76958K, committed 78208K, reserved 1179648K
  class space    used 8209K, committed 8768K, reserved 1048576K
}
Event: 8.273 GC heap after
{Heap after GC invocations=119 (full 6):
 PSYoungGen      total 10240K, used 508K [0x00000000eab00000, 0x00000000ebe80000, 0x0000000100000000)
  eden space 9728K, 0% used [0x00000000eab00000,0x00000000eab00000,0x00000000eb480000)
  from space 512K, 99% used [0x00000000eb800000,0x00000000eb87f248,0x00000000eb880000)
  to   space 3584K, 0% used [0x00000000eb480000,0x00000000eb480000,0x00000000eb800000)
 ParOldGen       total 133120K, used 130206K [0x00000000c0000000, 0x00000000c8200000, 0x00000000eab00000)
  object space 133120K, 97% used [0x00000000c0000000,0x00000000c7f27b58,0x00000000c8200000)
 Metaspace       used 76958K, committed 78208K, reserved 1179648K
  class space    used 8209K, committed 8768K, reserved 1048576K
}
Event: 8.290 GC heap before
{Heap before GC invocations=120 (full 6):
 PSYoungGen      total 10240K, used 10236K [0x00000000eab00000, 0x00000000ebe80000, 0x0000000100000000)
  eden space 9728K, 100% used [0x00000000eab00000,0x00000000eb480000,0x00000000eb480000)
  from space 512K, 99% used [0x00000000eb800000,0x00000000eb87f248,0x00000000eb880000)
  to   space 3584K, 0% used [0x00000000eb480000,0x00000000eb480000,0x00000000eb800000)
 ParOldGen       total 133120K, used 130206K [0x00000000c0000000, 0x00000000c8200000, 0x00000000eab00000)
  object space 133120K, 97% used [0x00000000c0000000,0x00000000c7f27b58,0x00000000c8200000)
 Metaspace       used 76974K, committed 78208K, reserved 1179648K
  class space    used 8209K, committed 8768K, reserved 1048576K
}
Event: 8.295 GC heap after
{Heap after GC invocations=120 (full 6):
 PSYoungGen      total 13312K, used 3564K [0x00000000eab00000, 0x00000000ec100000, 0x0000000100000000)
  eden space 9728K, 0% used [0x00000000eab00000,0x00000000eab00000,0x00000000eb480000)
  from space 3584K, 99% used [0x00000000eb480000,0x00000000eb7fb328,0x00000000eb800000)
  to   space 5632K, 0% used [0x00000000ebb80000,0x00000000ebb80000,0x00000000ec100000)
 ParOldGen       total 133120K, used 131547K [0x00000000c0000000, 0x00000000c8200000, 0x00000000eab00000)
  object space 133120K, 98% used [0x00000000c0000000,0x00000000c8076da0,0x00000000c8200000)
 Metaspace       used 76974K, committed 78208K, reserved 1179648K
  class space    used 8209K, committed 8768K, reserved 1048576K
}
Event: 8.295 GC heap before
{Heap before GC invocations=121 (full 7):
 PSYoungGen      total 13312K, used 3564K [0x00000000eab00000, 0x00000000ec100000, 0x0000000100000000)
  eden space 9728K, 0% used [0x00000000eab00000,0x00000000eab00000,0x00000000eb480000)
  from space 3584K, 99% used [0x00000000eb480000,0x00000000eb7fb328,0x00000000eb800000)
  to   space 5632K, 0% used [0x00000000ebb80000,0x00000000ebb80000,0x00000000ec100000)
 ParOldGen       total 133120K, used 131547K [0x00000000c0000000, 0x00000000c8200000, 0x00000000eab00000)
  object space 133120K, 98% used [0x00000000c0000000,0x00000000c8076da0,0x00000000c8200000)
 Metaspace       used 76974K, committed 78208K, reserved 1179648K
  class space    used 8209K, committed 8768K, reserved 1048576K
}
Event: 8.357 GC heap after
{Heap after GC invocations=121 (full 7):
 PSYoungGen      total 16896K, used 0K [0x00000000eab00000, 0x00000000ec100000, 0x0000000100000000)
  eden space 11264K, 0% used [0x00000000eab00000,0x00000000eab00000,0x00000000eb600000)
  from space 5632K, 0% used [0x00000000ebb80000,0x00000000ebb80000,0x00000000ec100000)
  to   space 5632K, 0% used [0x00000000eb600000,0x00000000eb600000,0x00000000ebb80000)
 ParOldGen       total 160256K, used 115744K [0x00000000c0000000, 0x00000000c9c80000, 0x00000000eab00000)
  object space 160256K, 72% used [0x00000000c0000000,0x00000000c71083f8,0x00000000c9c80000)
 Metaspace       used 76974K, committed 78208K, reserved 1179648K
  class space    used 8209K, committed 8768K, reserved 1048576K
}
Event: 8.374 GC heap before
{Heap before GC invocations=122 (full 7):
 PSYoungGen      total 16896K, used 11264K [0x00000000eab00000, 0x00000000ec100000, 0x0000000100000000)
  eden space 11264K, 100% used [0x00000000eab00000,0x00000000eb600000,0x00000000eb600000)
  from space 5632K, 0% used [0x00000000ebb80000,0x00000000ebb80000,0x00000000ec100000)
  to   space 5632K, 0% used [0x00000000eb600000,0x00000000eb600000,0x00000000ebb80000)
 ParOldGen       total 160256K, used 115744K [0x00000000c0000000, 0x00000000c9c80000, 0x00000000eab00000)
  object space 160256K, 72% used [0x00000000c0000000,0x00000000c71083f8,0x00000000c9c80000)
 Metaspace       used 76999K, committed 78336K, reserved 1179648K
  class space    used 8209K, committed 8768K, reserved 1048576K
}
Event: 8.379 GC heap after
{Heap after GC invocations=122 (full 7):
 PSYoungGen      total 16896K, used 5602K [0x00000000eab00000, 0x00000000ec480000, 0x0000000100000000)
  eden space 11264K, 0% used [0x00000000eab00000,0x00000000eab00000,0x00000000eb600000)
  from space 5632K, 99% used [0x00000000eb600000,0x00000000ebb78880,0x00000000ebb80000)
  to   space 6656K, 0% used [0x00000000ebe00000,0x00000000ebe00000,0x00000000ec480000)
 ParOldGen       total 160256K, used 116072K [0x00000000c0000000, 0x00000000c9c80000, 0x00000000eab00000)
  object space 160256K, 72% used [0x00000000c0000000,0x00000000c715a3f8,0x00000000c9c80000)
 Metaspace       used 76999K, committed 78336K, reserved 1179648K
  class space    used 8209K, committed 8768K, reserved 1048576K
}
Event: 8.400 GC heap before
{Heap before GC invocations=123 (full 7):
 PSYoungGen      total 16896K, used 16866K [0x00000000eab00000, 0x00000000ec480000, 0x0000000100000000)
  eden space 11264K, 100% used [0x00000000eab00000,0x00000000eb600000,0x00000000eb600000)
  from space 5632K, 99% used [0x00000000eb600000,0x00000000ebb78880,0x00000000ebb80000)
  to   space 6656K, 0% used [0x00000000ebe00000,0x00000000ebe00000,0x00000000ec480000)
 ParOldGen       total 160256K, used 116072K [0x00000000c0000000, 0x00000000c9c80000, 0x00000000eab00000)
  object space 160256K, 72% used [0x00000000c0000000,0x00000000c715a3f8,0x00000000c9c80000)
 Metaspace       used 77033K, committed 78336K, reserved 1179648K
  class space    used 8212K, committed 8768K, reserved 1048576K
}
Event: 8.401 GC heap after
{Heap after GC invocations=123 (full 7):
 PSYoungGen      total 13824K, used 826K [0x00000000eab00000, 0x00000000ebf00000, 0x0000000100000000)
  eden space 12800K, 0% used [0x00000000eab00000,0x00000000eab00000,0x00000000eb780000)
  from space 1024K, 80% used [0x00000000ebe00000,0x00000000ebece900,0x00000000ebf00000)
  to   space 3072K, 0% used [0x00000000eb900000,0x00000000eb900000,0x00000000ebc00000)
 ParOldGen       total 160256K, used 116568K [0x00000000c0000000, 0x00000000c9c80000, 0x00000000eab00000)
  object space 160256K, 72% used [0x00000000c0000000,0x00000000c71d63f8,0x00000000c9c80000)
 Metaspace       used 77033K, committed 78336K, reserved 1179648K
  class space    used 8212K, committed 8768K, reserved 1048576K
}
Event: 8.427 GC heap before
{Heap before GC invocations=124 (full 7):
 PSYoungGen      total 13824K, used 13626K [0x00000000eab00000, 0x00000000ebf00000, 0x0000000100000000)
  eden space 12800K, 100% used [0x00000000eab00000,0x00000000eb780000,0x00000000eb780000)
  from space 1024K, 80% used [0x00000000ebe00000,0x00000000ebece900,0x00000000ebf00000)
  to   space 3072K, 0% used [0x00000000eb900000,0x00000000eb900000,0x00000000ebc00000)
 ParOldGen       total 160256K, used 116568K [0x00000000c0000000, 0x00000000c9c80000, 0x00000000eab00000)
  object space 160256K, 72% used [0x00000000c0000000,0x00000000c71d63f8,0x00000000c9c80000)
 Metaspace       used 77056K, committed 78336K, reserved 1179648K
  class space    used 8212K, committed 8768K, reserved 1048576K
}
Event: 8.428 GC heap after
{Heap after GC invocations=124 (full 7):
 PSYoungGen      total 17408K, used 410K [0x00000000eab00000, 0x00000000ebe80000, 0x0000000100000000)
  eden space 14336K, 0% used [0x00000000eab00000,0x00000000eab00000,0x00000000eb900000)
  from space 3072K, 13% used [0x00000000eb900000,0x00000000eb966900,0x00000000ebc00000)
  to   space 1024K, 0% used [0x00000000ebd80000,0x00000000ebd80000,0x00000000ebe80000)
 ParOldGen       total 160256K, used 116568K [0x00000000c0000000, 0x00000000c9c80000, 0x00000000eab00000)
  object space 160256K, 72% used [0x00000000c0000000,0x00000000c71d63f8,0x00000000c9c80000)
 Metaspace       used 77056K, committed 78336K, reserved 1179648K
  class space    used 8212K, committed 8768K, reserved 1048576K
}
Event: 8.562 GC heap before
{Heap before GC invocations=125 (full 7):
 PSYoungGen      total 17408K, used 14746K [0x00000000eab00000, 0x00000000ebe80000, 0x0000000100000000)
  eden space 14336K, 100% used [0x00000000eab00000,0x00000000eb900000,0x00000000eb900000)
  from space 3072K, 13% used [0x00000000eb900000,0x00000000eb966900,0x00000000ebc00000)
  to   space 1024K, 0% used [0x00000000ebd80000,0x00000000ebd80000,0x00000000ebe80000)
 ParOldGen       total 160256K, used 116568K [0x00000000c0000000, 0x00000000c9c80000, 0x00000000eab00000)
  object space 160256K, 72% used [0x00000000c0000000,0x00000000c71d63f8,0x00000000c9c80000)
 Metaspace       used 77853K, committed 79104K, reserved 1179648K
  class space    used 8298K, committed 8832K, reserved 1048576K
}
Event: 8.565 GC heap after
{Heap after GC invocations=125 (full 7):
 PSYoungGen      total 16896K, used 1022K [0x00000000eab00000, 0x00000000ebe80000, 0x0000000100000000)
  eden space 15872K, 0% used [0x00000000eab00000,0x00000000eab00000,0x00000000eba80000)
  from space 1024K, 99% used [0x00000000ebd80000,0x00000000ebe7fb10,0x00000000ebe80000)
  to   space 2048K, 0% used [0x00000000eba80000,0x00000000eba80000,0x00000000ebc80000)
 ParOldGen       total 160256K, used 116947K [0x00000000c0000000, 0x00000000c9c80000, 0x00000000eab00000)
  object space 160256K, 72% used [0x00000000c0000000,0x00000000c7234cf8,0x00000000c9c80000)
 Metaspace       used 77853K, committed 79104K, reserved 1179648K
  class space    used 8298K, committed 8832K, reserved 1048576K
}
Event: 63.442 GC heap before
{Heap before GC invocations=126 (full 7):
 PSYoungGen      total 16896K, used 16894K [0x00000000eab00000, 0x00000000ebe80000, 0x0000000100000000)
  eden space 15872K, 99% used [0x00000000eab00000,0x00000000eba7ffe8,0x00000000eba80000)
  from space 1024K, 99% used [0x00000000ebd80000,0x00000000ebe7fb10,0x00000000ebe80000)
  to   space 2048K, 0% used [0x00000000eba80000,0x00000000eba80000,0x00000000ebc80000)
 ParOldGen       total 160256K, used 116947K [0x00000000c0000000, 0x00000000c9c80000, 0x00000000eab00000)
  object space 160256K, 72% used [0x00000000c0000000,0x00000000c7234cf8,0x00000000c9c80000)
 Metaspace       used 79041K, committed 80448K, reserved 1179648K
  class space    used 8475K, committed 9088K, reserved 1048576K
}

