# JRE version: OpenJDK Runtime Environment Temurin-17.0.10+7 (17.0.10+7) (build 17.0.10+7)
# Java VM: OpenJDK 64-Bit Server VM Temurin-17.0.10+7 (17.0.10+7, mixed mode, tiered, compressed oops, compressed class ptrs, parallel gc, linux-amd64)
GC Precious Log:
 CPUs: 12 total, 12 available
 Memory: 7815M
 Large Page Support: Disabled
 NUMA Support: Disabled
 Compressed Oops: Enabled (32-bit)
 Alignments: Space 512K, Generation 512K, Heap 2M
 Heap Min Capacity: 100M
 Heap Initial Capacity: 100M
 Heap Max Capacity: 1G
 Pre-touch: Disabled
 Parallel Workers: 10
Heap:
 PSYoungGen      total 30720K, used 30367K [0x00000000eab00000, 0x00000000ed400000, 0x0000000100000000)
  eden space 26624K, 98% used [0x00000000eab00000,0x00000000ec4b3950,0x00000000ec500000)
  from space 4096K, 98% used [0x00000000ec500000,0x00000000ec8f4640,0x00000000ec900000)
  to   space 7680K, 8% used [0x00000000ecc80000,0x00000000ecd24010,0x00000000ed400000)
 ParOldGen       total 181760K, used 137038K [0x00000000c0000000, 0x00000000cb180000, 0x00000000eab00000)
  object space 181760K, 75% used [0x00000000c0000000,0x00000000c85d3a08,0x00000000cb180000)
 Metaspace       used 81458K, committed 83008K, reserved 1179648K
  class space    used 8584K, committed 9216K, reserved 1048576K
GC Heap History (20 events):
Event: 6.801 GC heap after
{Heap after GC invocations=63 (full 5):
 PSYoungGen      total 29184K, used 5624K [0x00000000eab00000, 0x00000000ef000000, 0x0000000100000000)
  eden space 23552K, 0% used [0x00000000eab00000,0x00000000eab00000,0x00000000ec200000)
  from space 5632K, 99% used [0x00000000ed400000,0x00000000ed97e2d8,0x00000000ed980000)
  to   space 18432K, 0% used [0x00000000ec200000,0x00000000ec200000,0x00000000ed400000)
 ParOldGen       total 137728K, used 123838K [0x00000000c0000000, 0x00000000c8680000, 0x00000000eab00000)
  object space 137728K, 89% used [0x00000000c0000000,0x00000000c78ef8a0,0x00000000c8680000)
 Metaspace       used 77539K, committed 78976K, reserved 1179648K
  class space    used 8247K, committed 8896K, reserved 1048576K
}
Event: 6.848 GC heap before
{Heap before GC invocations=64 (full 5):
 PSYoungGen      total 29184K, used 29176K [0x00000000eab00000, 0x00000000ef000000, 0x0000000100000000)
  eden space 23552K, 100% used [0x00000000eab00000,0x00000000ec200000,0x00000000ec200000)
  from space 5632K, 99% used [0x00000000ed400000,0x00000000ed97e2d8,0x00000000ed980000)
  to   space 18432K, 0% used [0x00000000ec200000,0x00000000ec200000,0x00000000ed400000)
 ParOldGen       total 137728K, used 123838K [0x00000000c0000000, 0x00000000c8680000, 0x00000000eab00000)
  object space 137728K, 89% used [0x00000000c0000000,0x00000000c78ef8a0,0x00000000c8680000)
 Metaspace       used 77650K, committed 79104K, reserved 1179648K
  class space    used 8255K, committed 8896K, reserved 1048576K
}
Event: 6.855 GC heap after
{Heap after GC invocations=64 (full 5):
 PSYoungGen      total 41984K, used 17001K [0x00000000eab00000, 0x00000000ee700000, 0x0000000100000000)
  eden space 23552K, 0% used [0x00000000eab00000,0x00000000eab00000,0x00000000ec200000)
  from space 18432K, 92% used [0x00000000ec200000,0x00000000ed29a468,0x00000000ed400000)
  to   space 17920K, 0% used [0x00000000ed580000,0x00000000ed580000,0x00000000ee700000)
 ParOldGen       total 137728K, used 125743K [0x00000000c0000000, 0x00000000c8680000, 0x00000000eab00000)
  object space 137728K, 91% used [0x00000000c0000000,0x00000000c7acbc10,0x00000000c8680000)
 Metaspace       used 77650K, committed 79104K, reserved 1179648K
  class space    used 8255K, committed 8896K, reserved 1048576K
}
Event: 6.924 GC heap before
{Heap before GC invocations=65 (full 5):
 PSYoungGen      total 41984K, used 40553K [0x00000000eab00000, 0x00000000ee700000, 0x0000000100000000)
  eden space 23552K, 100% used [0x00000000eab00000,0x00000000ec200000,0x00000000ec200000)
  from space 18432K, 92% used [0x00000000ec200000,0x00000000ed29a468,0x00000000ed400000)
  to   space 17920K, 0% used [0x00000000ed580000,0x00000000ed580000,0x00000000ee700000)
 ParOldGen       total 137728K, used 125743K [0x00000000c0000000, 0x00000000c8680000, 0x00000000eab00000)
  object space 137728K, 91% used [0x00000000c0000000,0x00000000c7acbc10,0x00000000c8680000)
 Metaspace       used 78435K, committed 79936K, reserved 1179648K
  class space    used 8321K, committed 8960K, reserved 1048576K
}
Event: 6.933 GC heap after
{Heap after GC invocations=65 (full 5):
 PSYoungGen      total 37888K, used 11794K [0x00000000eab00000, 0x00000000ee180000, 0x0000000100000000)
  eden space 25600K, 0% used [0x00000000eab00000,0x00000000eab00000,0x00000000ec400000)
  from space 12288K, 95% used [0x00000000ed580000,0x00000000ee104950,0x00000000ee180000)
  to   space 13824K, 0% used [0x00000000ec680000,0x00000000ec680000,0x00000000ed400000)
 ParOldGen       total 137728K, used 125751K [0x00000000c0000000, 0x00000000c8680000, 0x00000000eab00000)
  object space 137728K, 91% used [0x00000000c0000000,0x00000000c7acdc10,0x00000000c8680000)
 Metaspace       used 78435K, committed 79936K, reserved 1179648K
  class space    used 8321K, committed 8960K, reserved 1048576K
}
Event: 6.968 GC heap before
{Heap before GC invocations=66 (full 5):
 PSYoungGen      total 37888K, used 37394K [0x00000000eab00000, 0x00000000ee180000, 0x0000000100000000)
  eden space 25600K, 100% used [0x00000000eab00000,0x00000000ec400000,0x00000000ec400000)
  from space 12288K, 95% used [0x00000000ed580000,0x00000000ee104950,0x00000000ee180000)
  to   space 13824K, 0% used [0x00000000ec680000,0x00000000ec680000,0x00000000ed400000)
 ParOldGen       total 137728K, used 125751K [0x00000000c0000000, 0x00000000c8680000, 0x00000000eab00000)
  object space 137728K, 91% used [0x00000000c0000000,0x00000000c7acdc10,0x00000000c8680000)
 Metaspace       used 78718K, committed 80256K, reserved 1179648K
  class space    used 8346K, committed 9024K, reserved 1048576K
}
Event: 6.979 GC heap after
{Heap after GC invocations=66 (full 5):
 PSYoungGen      total 41984K, used 13804K [0x00000000eab00000, 0x00000000ef480000, 0x0000000100000000)
  eden space 28160K, 0% used [0x00000000eab00000,0x00000000eab00000,0x00000000ec680000)
  from space 13824K, 99% used [0x00000000ec680000,0x00000000ed3fb2f0,0x00000000ed400000)
  to   space 23552K, 0% used [0x00000000edd80000,0x00000000edd80000,0x00000000ef480000)
 ParOldGen       total 137728K, used 133439K [0x00000000c0000000, 0x00000000c8680000, 0x00000000eab00000)
  object space 137728K, 96% used [0x00000000c0000000,0x00000000c824fc10,0x00000000c8680000)
 Metaspace       used 78718K, committed 80256K, reserved 1179648K
  class space    used 8346K, committed 9024K, reserved 1048576K
}
Event: 6.979 GC heap before
{Heap before GC invocations=67 (full 6):
 PSYoungGen      total 41984K, used 13804K [0x00000000eab00000, 0x00000000ef480000, 0x0000000100000000)
  eden space 28160K, 0% used [0x00000000eab00000,0x00000000eab00000,0x00000000ec680000)
  from space 13824K, 99% used [0x00000000ec680000,0x00000000ed3fb2f0,0x00000000ed400000)
  to   space 23552K, 0% used [0x00000000edd80000,0x00000000edd80000,0x00000000ef480000)
 ParOldGen       total 137728K, used 133439K [0x00000000c0000000, 0x00000000c8680000, 0x00000000eab00000)
  object space 137728K, 96% used [0x00000000c0000000,0x00000000c824fc10,0x00000000c8680000)
 Metaspace       used 78718K, committed 80256K, reserved 1179648K
  class space    used 8346K, committed 9024K, reserved 1048576K
}
Event: 7.033 GC heap after
{Heap after GC invocations=67 (full 6):
 PSYoungGen      total 51712K, used 0K [0x00000000eab00000, 0x00000000ef780000, 0x0000000100000000)
  eden space 28160K, 0% used [0x00000000eab00000,0x00000000eab00000,0x00000000ec680000)
  from space 23552K, 0% used [0x00000000edd80000,0x00000000edd80000,0x00000000ef480000)
  to   space 23552K, 0% used [0x00000000ec680000,0x00000000ec680000,0x00000000edd80000)
 ParOldGen       total 181760K, used 124879K [0x00000000c0000000, 0x00000000cb180000, 0x00000000eab00000)
  object space 181760K, 68% used [0x00000000c0000000,0x00000000c79f3ce8,0x00000000cb180000)
 Metaspace       used 78718K, committed 80256K, reserved 1179648K
  class space    used 8346K, committed 9024K, reserved 1048576K
}
Event: 7.077 GC heap before
{Heap before GC invocations=68 (full 6):
 PSYoungGen      total 51712K, used 28160K [0x00000000eab00000, 0x00000000ef780000, 0x0000000100000000)
  eden space 28160K, 100% used [0x00000000eab00000,0x00000000ec680000,0x00000000ec680000)
  from space 23552K, 0% used [0x00000000edd80000,0x00000000edd80000,0x00000000ef480000)
  to   space 23552K, 0% used [0x00000000ec680000,0x00000000ec680000,0x00000000edd80000)
 ParOldGen       total 181760K, used 124879K [0x00000000c0000000, 0x00000000cb180000, 0x00000000eab00000)
  object space 181760K, 68% used [0x00000000c0000000,0x00000000c79f3ce8,0x00000000cb180000)
 Metaspace       used 78827K, committed 80320K, reserved 1179648K
  class space    used 8349K, committed 9024K, reserved 1048576K
}
Event: 7.080 GC heap after
{Heap after GC invocations=68 (full 6):
 PSYoungGen      total 32256K, used 3902K [0x00000000eab00000, 0x00000000ede80000, 0x0000000100000000)
  eden space 28160K, 0% used [0x00000000eab00000,0x00000000eab00000,0x00000000ec680000)
  from space 4096K, 95% used [0x00000000ec680000,0x00000000eca4fb10,0x00000000eca80000)
  to   space 10752K, 0% used [0x00000000ed400000,0x00000000ed400000,0x00000000ede80000)
 ParOldGen       total 181760K, used 124887K [0x00000000c0000000, 0x00000000cb180000, 0x00000000eab00000)
  object space 181760K, 68% used [0x00000000c0000000,0x00000000c79f5ce8,0x00000000cb180000)
 Metaspace       used 78827K, committed 80320K, reserved 1179648K
  class space    used 8349K, committed 9024K, reserved 1048576K
}
Event: 7.111 GC heap before
{Heap before GC invocations=69 (full 6):
 PSYoungGen      total 32256K, used 32062K [0x00000000eab00000, 0x00000000ede80000, 0x0000000100000000)
  eden space 28160K, 100% used [0x00000000eab00000,0x00000000ec680000,0x00000000ec680000)
  from space 4096K, 95% used [0x00000000ec680000,0x00000000eca4fb10,0x00000000eca80000)
  to   space 10752K, 0% used [0x00000000ed400000,0x00000000ed400000,0x00000000ede80000)
 ParOldGen       total 181760K, used 124887K [0x00000000c0000000, 0x00000000cb180000, 0x00000000eab00000)
  object space 181760K, 68% used [0x00000000c0000000,0x00000000c79f5ce8,0x00000000cb180000)
 Metaspace       used 79037K, committed 80512K, reserved 1179648K
  class space    used 8375K, committed 9024K, reserved 1048576K
}
Event: 7.114 GC heap after
{Heap after GC invocations=69 (full 6):
 PSYoungGen      total 36352K, used 4622K [0x00000000eab00000, 0x00000000ed900000, 0x0000000100000000)
  eden space 31232K, 0% used [0x00000000eab00000,0x00000000eab00000,0x00000000ec980000)
  from space 5120K, 90% used [0x00000000ed400000,0x00000000ed883b00,0x00000000ed900000)
  to   space 5632K, 0% used [0x00000000ece00000,0x00000000ece00000,0x00000000ed380000)
 ParOldGen       total 181760K, used 124895K [0x00000000c0000000, 0x00000000cb180000, 0x00000000eab00000)
  object space 181760K, 68% used [0x00000000c0000000,0x00000000c79f7ce8,0x00000000cb180000)
 Metaspace       used 79037K, committed 80512K, reserved 1179648K
  class space    used 8375K, committed 9024K, reserved 1048576K
}
Event: 7.195 GC heap before
{Heap before GC invocations=70 (full 6):
 PSYoungGen      total 36352K, used 35854K [0x00000000eab00000, 0x00000000ed900000, 0x0000000100000000)
  eden space 31232K, 100% used [0x00000000eab00000,0x00000000ec980000,0x00000000ec980000)
  from space 5120K, 90% used [0x00000000ed400000,0x00000000ed883b00,0x00000000ed900000)
  to   space 5632K, 0% used [0x00000000ece00000,0x00000000ece00000,0x00000000ed380000)
 ParOldGen       total 181760K, used 124895K [0x00000000c0000000, 0x00000000cb180000, 0x00000000eab00000)
  object space 181760K, 68% used [0x00000000c0000000,0x00000000c79f7ce8,0x00000000cb180000)
 Metaspace       used 80020K, committed 81600K, reserved 1179648K
  class space    used 8491K, committed 9152K, reserved 1048576K
}
Event: 7.199 GC heap after
{Heap after GC invocations=70 (full 6):
 PSYoungGen      total 36352K, used 5241K [0x00000000eab00000, 0x00000000ed480000, 0x0000000100000000)
  eden space 30720K, 0% used [0x00000000eab00000,0x00000000eab00000,0x00000000ec900000)
  from space 5632K, 93% used [0x00000000ece00000,0x00000000ed31e410,0x00000000ed380000)
  to   space 1024K, 0% used [0x00000000ed380000,0x00000000ed380000,0x00000000ed480000)
 ParOldGen       total 181760K, used 124903K [0x00000000c0000000, 0x00000000cb180000, 0x00000000eab00000)
  object space 181760K, 68% used [0x00000000c0000000,0x00000000c79f9ce8,0x00000000cb180000)
 Metaspace       used 80020K, committed 81600K, reserved 1179648K
  class space    used 8491K, committed 9152K, reserved 1048576K
}
Event: 7.372 GC heap before
{Heap before GC invocations=71 (full 6):
 PSYoungGen      total 36352K, used 35961K [0x00000000eab00000, 0x00000000ed480000, 0x0000000100000000)
  eden space 30720K, 100% used [0x00000000eab00000,0x00000000ec900000,0x00000000ec900000)
  from space 5632K, 93% used [0x00000000ece00000,0x00000000ed31e410,0x00000000ed380000)
  to   space 1024K, 0% used [0x00000000ed380000,0x00000000ed380000,0x00000000ed480000)
 ParOldGen       total 181760K, used 124903K [0x00000000c0000000, 0x00000000cb180000, 0x00000000eab00000)
  object space 181760K, 68% used [0x00000000c0000000,0x00000000c79f9ce8,0x00000000cb180000)
 Metaspace       used 80468K, committed 81984K, reserved 1179648K
  class space    used 8514K, committed 9152K, reserved 1048576K
}
Event: 7.380 GC heap after
{Heap after GC invocations=71 (full 6):
 PSYoungGen      total 27648K, used 1017K [0x00000000eab00000, 0x00000000ee580000, 0x0000000100000000)
  eden space 26624K, 0% used [0x00000000eab00000,0x00000000eab00000,0x00000000ec500000)
  from space 1024K, 99% used [0x00000000ed380000,0x00000000ed47e7b8,0x00000000ed480000)
  to   space 14848K, 0% used [0x00000000ec500000,0x00000000ec500000,0x00000000ed380000)
 ParOldGen       total 181760K, used 136958K [0x00000000c0000000, 0x00000000cb180000, 0x00000000eab00000)
  object space 181760K, 75% used [0x00000000c0000000,0x00000000c85bfa08,0x00000000cb180000)
 Metaspace       used 80468K, committed 81984K, reserved 1179648K
  class space    used 8514K, committed 9152K, reserved 1048576K
}
Event: 7.514 GC heap before
{Heap before GC invocations=72 (full 6):
 PSYoungGen      total 27648K, used 27641K [0x00000000eab00000, 0x00000000ee580000, 0x0000000100000000)
  eden space 26624K, 100% used [0x00000000eab00000,0x00000000ec500000,0x00000000ec500000)
  from space 1024K, 99% used [0x00000000ed380000,0x00000000ed47e7b8,0x00000000ed480000)
  to   space 14848K, 0% used [0x00000000ec500000,0x00000000ec500000,0x00000000ed380000)
 ParOldGen       total 181760K, used 136958K [0x00000000c0000000, 0x00000000cb180000, 0x00000000eab00000)
  object space 181760K, 75% used [0x00000000c0000000,0x00000000c85bfa08,0x00000000cb180000)
 Metaspace       used 80789K, committed 82304K, reserved 1179648K
  class space    used 8514K, committed 9152K, reserved 1048576K
}
Event: 7.517 GC heap after
{Heap after GC invocations=72 (full 6):
 PSYoungGen      total 30720K, used 4049K [0x00000000eab00000, 0x00000000ed400000, 0x0000000100000000)
  eden space 26624K, 0% used [0x00000000eab00000,0x00000000eab00000,0x00000000ec500000)
  from space 4096K, 98% used [0x00000000ec500000,0x00000000ec8f4640,0x00000000ec900000)
  to   space 7680K, 0% used [0x00000000ecc80000,0x00000000ecc80000,0x00000000ed400000)
 ParOldGen       total 181760K, used 137038K [0x00000000c0000000, 0x00000000cb180000, 0x00000000eab00000)
  object space 181760K, 75% used [0x00000000c0000000,0x00000000c85d3a08,0x00000000cb180000)
 Metaspace       used 80789K, committed 82304K, reserved 1179648K
  class space    used 8514K, committed 9152K, reserved 1048576K
}
Event: 59.396 GC heap before
{Heap before GC invocations=73 (full 6):
 PSYoungGen      total 30720K, used 30367K [0x00000000eab00000, 0x00000000ed400000, 0x0000000100000000)
  eden space 26624K, 98% used [0x00000000eab00000,0x00000000ec4b3950,0x00000000ec500000)
  from space 4096K, 98% used [0x00000000ec500000,0x00000000ec8f4640,0x00000000ec900000)
  to   space 7680K, 0% used [0x00000000ecc80000,0x00000000ecc80000,0x00000000ed400000)
 ParOldGen       total 181760K, used 137038K [0x00000000c0000000, 0x00000000cb180000, 0x00000000eab00000)
  object space 181760K, 75% used [0x00000000c0000000,0x00000000c85d3a08,0x00000000cb180000)
 Metaspace       used 81458K, committed 83008K, reserved 1179648K
  class space    used 8584K, committed 9216K, reserved 1048576K
}

